<?xml version="1.0" encoding="UTF-8"?>
<testsuite xmlns:xsi="http://www.w3.org/2001/XMLSchema-instance" xsi:noNamespaceSchemaLocation="https://maven.apache.org/surefire/maven-surefire-plugin/xsd/surefire-test-report-3.0.xsd" version="3.0" name="runners.RunTest" time="63.06" tests="2" errors="0" skipped="0" failures="0">
  <properties>
[...]
</properties>
  <testcase name="Add new Customer" classname="Customers" time="33.992">
    <system-out><![CDATA[
@sanity
Scenario: Add new Customer                                                                # Features/Customers.feature:12
08-30-2020 17:20:00 Steps.java INFO  [main] nopcommerce 67 - ********* Launching browser***************
  Given User Launch Chrome browser                                                        # stepDefinitions.Steps.user_Launch_Chrome_browser()
08-30-2020 17:20:00 Steps.java INFO  [main] nopcommerce 73 - ********* Opening URL***************
  When User opens URL "http://admin-demo.nopcommerce.com/login"                           # stepDefinitions.Steps.user_opens_URL(java.lang.String)
08-30-2020 17:20:04 Steps.java INFO  [main] nopcommerce 81 - ********* Proving user info ***************
  And User enters Email as "admin@yourstore.com" and Password as "admin"                  # stepDefinitions.Steps.user_enters_Email_as_and_Password_as(java.lang.String,java.lang.String)
  And Click on Login                                                                      # stepDefinitions.Steps.click_on_Login()
08-30-2020 17:20:13 Steps.java INFO  [main] nopcommerce 128 - ********* Adding Customer Scenario started  ***************
08-30-2020 17:20:13 Steps.java INFO  [main] nopcommerce 130 - ********* Dashboard Display validation ***************
  Then User can view Dashboad                                                             # stepDefinitions.Steps.user_can_view_Dashboad()
  When User click on customers Menu                                                       # stepDefinitions.Steps.user_click_on_customers_Menu()
  And click on customers Menu Item                                                        # stepDefinitions.Steps.click_on_customers_Menu_Item()
  And click on Add new button                                                             # stepDefinitions.Steps.click_on_Add_new_button()
  Then User can view Add new customer page                                                # stepDefinitions.Steps.user_can_view_Add_new_customer_page()
08-30-2020 17:20:21 Steps.java INFO  [main] nopcommerce 162 - ********* Providing Customer details ***************
  When User enter customer info                                                           # stepDefinitions.Steps.user_enter_customer_info()
  And click on Save button                                                                # stepDefinitions.Steps.click_on_Save_button()
08-30-2020 17:20:29 Steps.java INFO  [main] nopcommerce 188 - ********* Add customer validation ***************
  Then User can view confirmation message "The new customer has been added successfully." # stepDefinitions.Steps.user_can_view_confirmation_message(java.lang.String)
08-30-2020 17:20:30 Steps.java INFO  [main] nopcommerce 118 - *********Closing application ***************
  And close browser                                                                       # stepDefinitions.Steps.close_browser()
]]></system-out>
    <system-err><![CDATA[Aug 30, 2020 5:19:56 PM io.cucumber.junit.Cucumber <init>
WARNING: By default Cucumber is running in --non-strict mode.
This default will change to --strict and --non-strict will be removed.
You can use --strict or @CucumberOptions(strict = true) to suppress this warning
Starting ChromeDriver 84.0.4147.30 (48b3e868b4cc0aa7e8149519690b6f6949e110a8-refs/branch-heads/4147@{#310}) on port 26748
Only local connections are allowed.
Please see https://chromedriver.chromium.org/security-considerations for suggestions on keeping ChromeDriver safe.
ChromeDriver was started successfully.
[1598788198.070][WARNING]: This version of ChromeDriver has not been tested with Chrome version 85.
Aug 30, 2020 5:20:00 PM org.openqa.selenium.remote.ProtocolHandshake createSession
INFO: Detected dialect: W3C
]]></system-err>
  </testcase>
  <testcase name="Successful Login with Valid Credentials" classname="Login" time="28.365">
    <system-out><![CDATA[
@sanity
Scenario: Successful Login with Valid Credentials                        # Features/Login.feature:5
08-30-2020 17:20:33 Steps.java INFO  [main] nopcommerce 67 - ********* Launching browser***************
  Given User Launch Chrome browser                                       # stepDefinitions.Steps.user_Launch_Chrome_browser()
08-30-2020 17:20:33 Steps.java INFO  [main] nopcommerce 73 - ********* Opening URL***************
  When User opens URL "http://admin-demo.nopcommerce.com/login"          # stepDefinitions.Steps.user_opens_URL(java.lang.String)
08-30-2020 17:20:37 Steps.java INFO  [main] nopcommerce 81 - ********* Proving user info ***************
  And User enters Email as "admin@yourstore.com" and Password as "admin" # stepDefinitions.Steps.user_enters_Email_as_and_Password_as(java.lang.String,java.lang.String)
  And Click on Login                                                     # stepDefinitions.Steps.click_on_Login()
08-30-2020 17:20:47 Steps.java INFO  [main] nopcommerce 95 - *********Login Validation starts ***************
08-30-2020 17:20:47 Steps.java INFO  [main] nopcommerce 104 - *********Login successfull ***************
  Then Page Title should be "Dashboard / nopCommerce administration"     # stepDefinitions.Steps.page_Title_should_be(java.lang.String)
08-30-2020 17:20:52 Steps.java INFO  [main] nopcommerce 112 - *********Logout from application***************
  When User click on Log out link                                        # stepDefinitions.Steps.user_click_on_Log_out_link()
08-30-2020 17:20:53 Steps.java INFO  [main] nopcommerce 95 - *********Login Validation starts ***************
08-30-2020 17:20:53 Steps.java INFO  [main] nopcommerce 104 - *********Login successfull ***************
  Then Page Title should be "Your store. Login"                          # stepDefinitions.Steps.page_Title_should_be(java.lang.String)
08-30-2020 17:20:58 Steps.java INFO  [main] nopcommerce 118 - *********Closing application ***************
  And close browser                                                      # stepDefinitions.Steps.close_browser()
]]></system-out>
    <system-err><![CDATA[Starting ChromeDriver 84.0.4147.30 (48b3e868b4cc0aa7e8149519690b6f6949e110a8-refs/branch-heads/4147@{#310}) on port 1809
Only local connections are allowed.
Please see https://chromedriver.chromium.org/security-considerations for suggestions on keeping ChromeDriver safe.
ChromeDriver was started successfully.
[1598788231.717][WARNING]: This version of ChromeDriver has not been tested with Chrome version 85.
Aug 30, 2020 5:20:33 PM org.openqa.selenium.remote.ProtocolHandshake createSession
INFO: Detected dialect: W3C
]]></system-err>
  </testcase>
</testsuite>